<?xml version="1.0" encoding="UTF-8"?>
<!-- Generated by org.testng.reporters.JUnitXMLReporter -->
<testsuite hostname="DESKTOP-SHFS40Q" ignored="0" name="Default test" tests="2" failures="0" timestamp="2021-08-06T07:56:20 IST" time="6.282" errors="0">
  <testcase name="test" time="4.16" classname="com.Rest.GetSpecifiedMessageAttachementBasedOnMessageIDGmail"/>
  <testcase name="getMessagesListUsingLabelID" time="0.769" classname="com.Rest.GetSpecifiedMessageAttachementBasedOnMessageIDGmail"/>
</testsuite> <!-- Default test -->
