<?xml version="1.0" encoding="UTF-8"?>
<testng-results skipped="0" failed="0" total="1" passed="1">
  <reporter-output>
  </reporter-output>
  <suite name="com.Rest.FirstTest" duration-ms="3048" started-at="2021-06-20T14:42:13Z" finished-at="2021-06-20T14:42:16Z">
    <groups>
    </groups>
    <test name="Command line test" duration-ms="3048" started-at="2021-06-20T14:42:13Z" finished-at="2021-06-20T14:42:16Z">
      <class name="com.Rest.FirstTest">
        <test-method status="PASS" signature="test()[pri:0, instance:com.Rest.FirstTest@7f674d]" name="test" duration-ms="3033" started-at="2021-06-20T20:12:13Z" finished-at="2021-06-20T20:12:16Z">
          <reporter-output>
          </reporter-output>
        </test-method> <!-- test -->
      </class> <!-- com.Rest.FirstTest -->
    </test> <!-- Command line test -->
  </suite> <!-- com.Rest.FirstTest -->
</testng-results>
